  main.cpp
C:\Users\EDU\Desktop\matei\joc jmek\lets try\main.cpp(421,43): warning C4244: 'argument': conversion from 'float' to 'int', possible loss of data
C:\Users\EDU\Desktop\matei\joc jmek\lets try\main.cpp(421,29): warning C4244: 'argument': conversion from 'float' to 'int', possible loss of data
C:\Users\EDU\Desktop\matei\joc jmek\lets try\main.cpp(424,41): warning C4244: 'argument': conversion from 'float' to 'int', possible loss of data
C:\Users\EDU\Desktop\matei\joc jmek\lets try\main.cpp(424,27): warning C4244: 'argument': conversion from 'float' to 'int', possible loss of data
C:\Users\EDU\Desktop\matei\joc jmek\lets try\main.cpp(442,73): warning C4244: 'argument': conversion from 'float' to 'int', possible loss of data
C:\Users\EDU\Desktop\matei\joc jmek\lets try\main.cpp(442,58): warning C4244: 'argument': conversion from 'float' to 'int', possible loss of data
C:\Users\EDU\Desktop\matei\joc jmek\lets try\main.cpp(455,66): warning C4244: 'argument': conversion from 'float' to 'int', possible loss of data
C:\Users\EDU\Desktop\matei\joc jmek\lets try\main.cpp(455,52): warning C4244: 'argument': conversion from 'float' to 'int', possible loss of data
C:\Users\EDU\Desktop\matei\joc jmek\lets try\main.cpp(459,66): warning C4244: 'argument': conversion from 'float' to 'int', possible loss of data
C:\Users\EDU\Desktop\matei\joc jmek\lets try\main.cpp(459,52): warning C4244: 'argument': conversion from 'float' to 'int', possible loss of data
C:\Users\EDU\Desktop\matei\joc jmek\lets try\main.cpp(467,125): warning C4244: 'argument': conversion from 'float' to 'int', possible loss of data
C:\Users\EDU\Desktop\matei\joc jmek\lets try\main.cpp(467,109): warning C4244: 'argument': conversion from 'float' to 'int', possible loss of data
C:\Users\EDU\Desktop\matei\joc jmek\lets try\main.cpp(469,48): warning C4244: 'argument': conversion from 'float' to 'int', possible loss of data
C:\Users\EDU\Desktop\matei\joc jmek\lets try\main.cpp(469,35): warning C4244: 'argument': conversion from 'float' to 'int', possible loss of data
C:\Users\EDU\Desktop\matei\joc jmek\lets try\main.cpp(473,48): warning C4244: 'argument': conversion from 'float' to 'int', possible loss of data
C:\Users\EDU\Desktop\matei\joc jmek\lets try\main.cpp(473,35): warning C4244: 'argument': conversion from 'float' to 'int', possible loss of data
C:\Users\EDU\Desktop\matei\joc jmek\lets try\main.cpp(484,49): warning C4244: 'argument': conversion from 'float' to 'int', possible loss of data
C:\Users\EDU\Desktop\matei\joc jmek\lets try\main.cpp(484,35): warning C4244: 'argument': conversion from 'float' to 'int', possible loss of data
C:\Users\EDU\Desktop\matei\joc jmek\lets try\main.cpp(488,56): warning C4244: 'argument': conversion from 'float' to 'int', possible loss of data
C:\Users\EDU\Desktop\matei\joc jmek\lets try\main.cpp(488,42): warning C4244: 'argument': conversion from 'float' to 'int', possible loss of data
C:\Users\EDU\Desktop\matei\joc jmek\lets try\main.cpp(492,61): warning C4244: 'argument': conversion from 'float' to 'int', possible loss of data
C:\Users\EDU\Desktop\matei\joc jmek\lets try\main.cpp(492,47): warning C4244: 'argument': conversion from 'float' to 'int', possible loss of data
C:\Users\EDU\Desktop\matei\joc jmek\lets try\main.cpp(505,48): warning C4244: 'argument': conversion from 'float' to 'int', possible loss of data
C:\Users\EDU\Desktop\matei\joc jmek\lets try\main.cpp(505,35): warning C4244: 'argument': conversion from 'float' to 'int', possible loss of data
C:\Users\EDU\Desktop\matei\joc jmek\lets try\main.cpp(514,62): warning C4244: 'argument': conversion from 'float' to 'int', possible loss of data
C:\Users\EDU\Desktop\matei\joc jmek\lets try\main.cpp(514,38): warning C4244: 'argument': conversion from 'float' to 'int', possible loss of data
C:\Users\EDU\Desktop\matei\joc jmek\lets try\main.cpp(514,26): warning C4244: 'argument': conversion from 'float' to 'int', possible loss of data
C:\Users\EDU\Desktop\matei\joc jmek\lets try\main.cpp(522,48): warning C4244: 'argument': conversion from 'float' to 'int', possible loss of data
C:\Users\EDU\Desktop\matei\joc jmek\lets try\main.cpp(522,35): warning C4244: 'argument': conversion from 'float' to 'int', possible loss of data
C:\Users\EDU\Desktop\matei\joc jmek\lets try\main.cpp(537,41): warning C4244: 'argument': conversion from 'float' to 'int', possible loss of data
C:\Users\EDU\Desktop\matei\joc jmek\lets try\main.cpp(537,27): warning C4244: 'argument': conversion from 'float' to 'int', possible loss of data
C:\Users\EDU\Desktop\matei\joc jmek\lets try\main.cpp(550,41): warning C4244: 'argument': conversion from 'float' to 'int', possible loss of data
C:\Users\EDU\Desktop\matei\joc jmek\lets try\main.cpp(550,27): warning C4244: 'argument': conversion from 'float' to 'int', possible loss of data
C:\Users\EDU\Desktop\matei\joc jmek\lets try\main.cpp(557,44): warning C4244: 'argument': conversion from 'float' to 'int', possible loss of data
C:\Users\EDU\Desktop\matei\joc jmek\lets try\main.cpp(557,34): warning C4244: 'argument': conversion from 'float' to 'int', possible loss of data
C:\Users\EDU\Desktop\matei\joc jmek\lets try\main.cpp(559,38): warning C4244: 'argument': conversion from 'float' to 'int', possible loss of data
C:\Users\EDU\Desktop\matei\joc jmek\lets try\main.cpp(559,30): warning C4244: 'argument': conversion from 'float' to 'int', possible loss of data
C:\Users\EDU\Desktop\matei\joc jmek\lets try\main.cpp(561,35): warning C4244: 'argument': conversion from 'float' to 'int', possible loss of data
C:\Users\EDU\Desktop\matei\joc jmek\lets try\main.cpp(561,28): warning C4244: 'argument': conversion from 'float' to 'int', possible loss of data
C:\Users\EDU\Desktop\matei\joc jmek\lets try\main.cpp(563,35): warning C4244: 'argument': conversion from 'float' to 'int', possible loss of data
C:\Users\EDU\Desktop\matei\joc jmek\lets try\main.cpp(563,28): warning C4244: 'argument': conversion from 'float' to 'int', possible loss of data
  lets try.vcxproj -> C:\Users\EDU\Desktop\matei\joc jmek\x64\Debug\lets try.exe
  'pwsh.exe' is not recognized as an internal or external command,
  operable program or batch file.
